##############################################################

 PACKMOL - Packing optimization for the automated
 generation of starting configurations for
 molecular dynamics. 
 
                                          Version 15.217 

##############################################################


  Packmol must be run with: packmol < inputfile.inp 

  Userguide at: www.ime.unicamp.br/~martinez/packmol 

  Reading input file... (Control-C aborts)
  Seed for random number generator:    482650437
  Output file: mixture.pdb
  Reading coordinate file: eth.pdb
  Reading coordinate file: opc.pdb
  Number of independent structures:            2
  The structures are: 
  Structure            1 :eth.pdb(           9  atoms)
  Structure            2 :opc.pdb(           3  atoms)
  Total number of restrictions:            2
  Distance tolerance:    2.0000000000000000     
  Number of molecules of type            1 :            0
  Number of molecules of type            2 :         1000
  Warning: Type of residue numbering not set for structure            1
  Residue numbering set for structure            1 :           0
  Swap chains of molecules of structure            1 : F
  Warning: Type of residue numbering not set for structure            2
  Residue numbering set for structure            2 :           0
  Swap chains of molecules of structure            2 : F
  Total number of atoms:         3000
  Total number of molecules:         1000
  Number of fixed molecules:            0
  Number of free molecules:         1000
  Number of variables:         6000
  Total number of fixed atoms:            0
  Maximum internal distance of type            1 :    4.0710934649059585     
  Maximum internal distance of type            2 :    1.3715290736984036     
  All atoms must be within these coordinates: 
   x: [   -996.17237041458156      ,    1003.8276295854184       ] 
   y: [   -993.60000000000002      ,    1006.4000000000000       ] 
   z: [   -997.35328956429919      ,    1002.6467104357008       ] 
  If the system is larger than this, increase the sidemax parameter. 


------------- Building initial approximation ... -------------

  Adjusting initial point to fit the constraints 
  Packing:|0                                          10|
          |******************************

  Restraint-only function value:   2.54564141089810851E-006
  Rescaling maximum and minimum coordinates... 
  Computing size of patches... 
  Add fixed molecules to permanent arrays... 
  Reseting center of mass... 
  Building random initial point ... 
  Packing:|0                                          10|
          |*****

  Restraint-only function value:   2.75558327530807951E-011

##############################################################

  Objective function at initial point:    24048.887715938603     

##############################################################

  Packing molecules of type            1

##############################################################

----------------- Starting GENCAN loop(   0) -----------------
          Scaling radii by:      1.10
  Packing:|0                                          10|
  Current point is a solution.


  Function value from last GENCAN loop: f = .00000E+00
  Best function value before: f = .00000E+00
  Improvement from best function value:    99.99 %
  Improvement from last loop:    99.99 %
  Maximum violation of target distance:     0.000000
  Maximum violation of the constraints: .00000E+00
--------------------------------------------------------------

##############################################################
  Packing solved for molecules of type           1
  Objective function value:    0.0000000000000000     
  Maximum violation of target distance:    0.0000000000000000     
  Max. constraint violation:    0.0000000000000000     
##############################################################

##############################################################

  Packing molecules of type            2

##############################################################

----------------- Starting GENCAN loop(   0) -----------------
          Scaling radii by:      1.10
  Packing:|0                                          10|
          |*********************************************|
          |*********************************************|

  Function value from last GENCAN loop: f = .11591E+00
  Best function value before: f = .24049E+05
  Improvement from best function value:    99.99 %
  Improvement from last loop:    99.99 %
  Maximum violation of target distance:     0.000000
  Maximum violation of the constraints: .28737E-01
--------------------------------------------------------------


----------------- Starting GENCAN loop(   1) -----------------
          Scaling radii by:      1.10
  Packing:|0                                          10|
          |*********************************************|
          |*********************************************|

  Function value from last GENCAN loop: f = .28176E-06
  Best function value before: f = .11591E+00
  Improvement from best function value:    99.99 %
  Improvement from last loop:    99.99 %
  Maximum violation of target distance:     0.000000
  Maximum violation of the constraints: .27676E-06
--------------------------------------------------------------

##############################################################
  Packing solved for molecules of type           2
  Objective function value:   2.81756267014770628E-007
  Maximum violation of target distance:    0.0000000000000000     
  Max. constraint violation:   2.76760025252478217E-007
##############################################################

##############################################################

  Solving the problem for all molecules together.

##############################################################


----------------- Starting GENCAN loop(   0) -----------------
          Scaling radii by:      1.10
  Packing:|0                                          10|
          |**********

  Function value from last GENCAN loop: f = .29780E-06
  Best function value before: f = .28176E-06
  Improvement from best function value:    -5.69 %
  Improvement from last loop:    -5.69 %
  Maximum violation of target distance:     0.000000
  Maximum violation of the constraints: .23761E-06
--------------------------------------------------------------

  Solution written to file: mixture.pdb

##############################################################

                           Success! 
          Final objective function value: .28176E-06
          Maximum violation of target distance:   0.000000
          Maximum violation of the constraints: .23761E-06
--------------------------------------------------------------
 Please cite this work if Packmol was useful: 
 L. Martinez, R. Andrade, E. G. Birgin, J. M. Martinez, 
 PACKMOL: A package for building initial configurations 
 for molecular dynamics simulations. 
 Journal of Computational Chemistry, 30:2157-2164,2009.

##############################################################

   Running time:    1.1188301      seconds. 
